2018-11-03 10:57:36.790 INFO [main]com.cxd.october.OctoberApplication.logStarting:50 -Starting OctoberApplication on chenminhaodeMacBook-Pro.local with PID 3230 (/Users/chenminhao/Desktop/october/target/classes started by chenminhao in /Users/chenminhao/Desktop/october)
2018-11-03 10:57:36.796 INFO [main]com.cxd.october.OctoberApplication.logStartupProfileInfo:675 -No active profile set, falling back to default profiles: default
2018-11-03 10:57:37.633 INFO [main]o.s.d.repository.config.RepositoryConfigurationDelegate.multipleStoresDetected:244 -Multiple Spring Data modules found, entering strict repository configuration mode!
2018-11-03 10:57:37.634 INFO [main]o.s.d.repository.config.RepositoryConfigurationDelegate.registerRepositoriesIn:126 -Bootstrapping Spring Data repositories in DEFAULT mode.
2018-11-03 10:57:37.658 INFO [main]o.s.d.repository.config.RepositoryConfigurationDelegate.registerRepositoriesIn:182 -Finished Spring Data repository scanning in 15ms. Found 0 repository interfaces.
2018-11-03 10:57:37.975 INFO [main]o.s.c.s.PostProcessorRegistrationDelegate$BeanPostProcessorChecker.postProcessAfterInitialization:330 -Bean 'org.springframework.transaction.annotation.ProxyTransactionManagementConfiguration' of type [org.springframework.transaction.annotation.ProxyTransactionManagementConfiguration$$EnhancerBySpringCGLIB$$3474c06e] is not eligible for getting processed by all BeanPostProcessors (for example: not eligible for auto-proxying)
2018-11-03 10:57:38.264 INFO [main]o.s.boot.web.embedded.tomcat.TomcatWebServer.initialize:90 -Tomcat initialized with port(s): 8080 (http)
2018-11-03 10:57:38.273 INFO [main]org.apache.coyote.http11.Http11NioProtocol.log:173 -Initializing ProtocolHandler ["http-nio-8080"]
2018-11-03 10:57:38.277 INFO [main]org.apache.catalina.core.StandardService.log:173 -Starting service [Tomcat]
2018-11-03 10:57:38.277 INFO [main]org.apache.catalina.core.StandardEngine.log:173 -Starting Servlet Engine: Apache Tomcat/9.0.12
2018-11-03 10:57:38.282 INFO [main]org.apache.catalina.core.AprLifecycleListener.log:173 -The APR based Apache Tomcat Native library which allows optimal performance in production environments was not found on the java.library.path: [/Users/chenminhao/Library/Java/Extensions:/Library/Java/Extensions:/Network/Library/Java/Extensions:/System/Library/Java/Extensions:/usr/lib/java:.]
2018-11-03 10:57:38.351 INFO [main]o.a.catalina.core.ContainerBase.[Tomcat].[localhost].[/].log:173 -Initializing Spring embedded WebApplicationContext
2018-11-03 10:57:38.352 INFO [main]org.springframework.web.context.ContextLoader.prepareWebApplicationContext:285 -Root WebApplicationContext: initialization completed in 1421 ms
2018-11-03 10:57:38.376 INFO [main]o.s.boot.web.servlet.ServletRegistrationBean.addRegistration:186 -Servlet dispatcherServlet mapped to [/]
2018-11-03 10:57:38.380 INFO [main]o.s.boot.web.servlet.FilterRegistrationBean.configure:248 -Mapping filter: 'characterEncodingFilter' to: [/*]
2018-11-03 10:57:38.380 INFO [main]o.s.boot.web.servlet.FilterRegistrationBean.configure:248 -Mapping filter: 'hiddenHttpMethodFilter' to: [/*]
2018-11-03 10:57:38.380 INFO [main]o.s.boot.web.servlet.FilterRegistrationBean.configure:248 -Mapping filter: 'formContentFilter' to: [/*]
2018-11-03 10:57:38.380 INFO [main]o.s.boot.web.servlet.FilterRegistrationBean.configure:248 -Mapping filter: 'requestContextFilter' to: [/*]
2018-11-03 10:57:38.677 INFO [main]com.alibaba.druid.pool.DruidDataSource.init:922 -{dataSource-1} inited
2018-11-03 10:57:39.067 INFO [main]o.s.scheduling.concurrent.ThreadPoolTaskExecutor.initialize:171 -Initializing ExecutorService 'applicationTaskExecutor'
2018-11-03 10:57:39.500 INFO [main]org.apache.coyote.http11.Http11NioProtocol.log:173 -Starting ProtocolHandler ["http-nio-8080"]
2018-11-03 10:57:39.522 INFO [main]org.apache.tomcat.util.net.NioSelectorPool.log:173 -Using a shared selector for servlet write/read
2018-11-03 10:57:39.534 INFO [main]o.s.boot.web.embedded.tomcat.TomcatWebServer.start:204 -Tomcat started on port(s): 8080 (http) with context path ''
2018-11-03 10:57:39.538 INFO [main]com.cxd.october.OctoberApplication.logStarted:59 -Started OctoberApplication in 3.903 seconds (JVM running for 4.906)
2018-11-03 10:58:10.897 INFO [http-nio-8080-exec-1]o.a.catalina.core.ContainerBase.[Tomcat].[localhost].[/].log:173 -Initializing Spring DispatcherServlet 'dispatcherServlet'
2018-11-03 10:58:10.897 INFO [http-nio-8080-exec-1]org.springframework.web.servlet.DispatcherServlet.initServletBean:521 -Initializing Servlet 'dispatcherServlet'
2018-11-03 10:58:10.905 INFO [http-nio-8080-exec-1]org.springframework.web.servlet.DispatcherServlet.initServletBean:543 -Completed initialization in 8 ms
2018-11-03 10:58:26.930 INFO [Thread-12]o.s.scheduling.concurrent.ThreadPoolTaskExecutor.shutdown:208 -Shutting down ExecutorService 'applicationTaskExecutor'
2018-11-03 10:58:26.933 INFO [Thread-12]com.alibaba.druid.pool.DruidDataSource.close:1817 -{dataSource-1} closed
2018-11-03 10:59:53.107 INFO [main]com.cxd.october.OctoberApplication.logStarting:50 -Starting OctoberApplication on chenminhaodeMacBook-Pro.local with PID 3256 (/Users/chenminhao/Desktop/october/target/classes started by chenminhao in /Users/chenminhao/Desktop/october)
2018-11-03 10:59:53.111 INFO [main]com.cxd.october.OctoberApplication.logStartupProfileInfo:675 -No active profile set, falling back to default profiles: default
2018-11-03 10:59:53.726 INFO [main]o.s.d.repository.config.RepositoryConfigurationDelegate.multipleStoresDetected:244 -Multiple Spring Data modules found, entering strict repository configuration mode!
2018-11-03 10:59:53.728 INFO [main]o.s.d.repository.config.RepositoryConfigurationDelegate.registerRepositoriesIn:126 -Bootstrapping Spring Data repositories in DEFAULT mode.
2018-11-03 10:59:53.759 INFO [main]o.s.d.repository.config.RepositoryConfigurationDelegate.registerRepositoriesIn:182 -Finished Spring Data repository scanning in 19ms. Found 0 repository interfaces.
2018-11-03 10:59:54.090 INFO [main]o.s.c.s.PostProcessorRegistrationDelegate$BeanPostProcessorChecker.postProcessAfterInitialization:330 -Bean 'org.springframework.transaction.annotation.ProxyTransactionManagementConfiguration' of type [org.springframework.transaction.annotation.ProxyTransactionManagementConfiguration$$EnhancerBySpringCGLIB$$ba74a680] is not eligible for getting processed by all BeanPostProcessors (for example: not eligible for auto-proxying)
2018-11-03 10:59:54.396 INFO [main]o.s.boot.web.embedded.tomcat.TomcatWebServer.initialize:90 -Tomcat initialized with port(s): 8080 (http)
2018-11-03 10:59:54.407 INFO [main]org.apache.coyote.http11.Http11NioProtocol.log:173 -Initializing ProtocolHandler ["http-nio-8080"]
2018-11-03 10:59:54.411 INFO [main]org.apache.catalina.core.StandardService.log:173 -Starting service [Tomcat]
2018-11-03 10:59:54.411 INFO [main]org.apache.catalina.core.StandardEngine.log:173 -Starting Servlet Engine: Apache Tomcat/9.0.12
2018-11-03 10:59:54.417 INFO [main]org.apache.catalina.core.AprLifecycleListener.log:173 -The APR based Apache Tomcat Native library which allows optimal performance in production environments was not found on the java.library.path: [/Users/chenminhao/Library/Java/Extensions:/Library/Java/Extensions:/Network/Library/Java/Extensions:/System/Library/Java/Extensions:/usr/lib/java:.]
2018-11-03 10:59:54.482 INFO [main]o.a.catalina.core.ContainerBase.[Tomcat].[localhost].[/].log:173 -Initializing Spring embedded WebApplicationContext
2018-11-03 10:59:54.482 INFO [main]org.springframework.web.context.ContextLoader.prepareWebApplicationContext:285 -Root WebApplicationContext: initialization completed in 1305 ms
2018-11-03 10:59:54.504 INFO [main]o.s.boot.web.servlet.ServletRegistrationBean.addRegistration:186 -Servlet dispatcherServlet mapped to [/]
2018-11-03 10:59:54.507 INFO [main]o.s.boot.web.servlet.FilterRegistrationBean.configure:248 -Mapping filter: 'characterEncodingFilter' to: [/*]
2018-11-03 10:59:54.507 INFO [main]o.s.boot.web.servlet.FilterRegistrationBean.configure:248 -Mapping filter: 'hiddenHttpMethodFilter' to: [/*]
2018-11-03 10:59:54.508 INFO [main]o.s.boot.web.servlet.FilterRegistrationBean.configure:248 -Mapping filter: 'formContentFilter' to: [/*]
2018-11-03 10:59:54.508 INFO [main]o.s.boot.web.servlet.FilterRegistrationBean.configure:248 -Mapping filter: 'requestContextFilter' to: [/*]
2018-11-03 10:59:54.902 WARN [main]o.s.b.w.s.c.AnnotationConfigServletWebServerApplicationContext.refresh:554 -Exception encountered during context initialization - cancelling refresh attempt: org.springframework.beans.factory.UnsatisfiedDependencyException: Error creating bean with name 'userController': Unsatisfied dependency expressed through field 'userService'; nested exception is org.springframework.beans.factory.UnsatisfiedDependencyException: Error creating bean with name 'iUserService': Unsatisfied dependency expressed through field 'userMapper'; nested exception is org.springframework.beans.factory.UnsatisfiedDependencyException: Error creating bean with name 'mmallUserMapper' defined in file [/Users/chenminhao/Desktop/october/target/classes/com/cxd/october/dao/MmallUserMapper.class]: Unsatisfied dependency expressed through bean property 'sqlSessionFactory'; nested exception is org.springframework.beans.factory.BeanCreationException: Error creating bean with name 'sqlSessionFactory' defined in class path resource [org/mybatis/spring/boot/autoconfigure/MybatisAutoConfiguration.class]: Bean instantiation via factory method failed; nested exception is org.springframework.beans.BeanInstantiationException: Failed to instantiate [org.apache.ibatis.session.SqlSessionFactory]: Factory method 'sqlSessionFactory' threw exception; nested exception is org.springframework.core.NestedIOException: Failed to parse mapping resource: 'file [/Users/chenminhao/Desktop/october/target/classes/mapper/MmallProductMapper.xml]'; nested exception is org.apache.ibatis.builder.BuilderException: Error parsing Mapper XML. The XML location is 'file [/Users/chenminhao/Desktop/october/target/classes/mapper/MmallProductMapper.xml]'. Cause: org.apache.ibatis.builder.BuilderException: Error resolving class. Cause: org.apache.ibatis.type.TypeException: Could not resolve type alias 'com.cxd.MmallProductWithBLOBs'.  Cause: java.lang.ClassNotFoundException: Cannot find class: com.cxd.MmallProductWithBLOBs
2018-11-03 10:59:54.904 INFO [main]org.apache.catalina.core.StandardService.log:173 -Stopping service [Tomcat]
2018-11-03 10:59:54.920 INFO [main]o.s.b.a.logging.ConditionEvaluationReportLoggingListener.logMessage:142 -

Error starting ApplicationContext. To display the conditions report re-run your application with 'debug' enabled.
2018-11-03 11:00:19.378 INFO [main]com.cxd.october.OctoberApplication.logStarting:50 -Starting OctoberApplication on chenminhaodeMacBook-Pro.local with PID 3259 (/Users/chenminhao/Desktop/october/target/classes started by chenminhao in /Users/chenminhao/Desktop/october)
2018-11-03 11:00:19.381 INFO [main]com.cxd.october.OctoberApplication.logStartupProfileInfo:675 -No active profile set, falling back to default profiles: default
2018-11-03 11:00:20.012 INFO [main]o.s.d.repository.config.RepositoryConfigurationDelegate.multipleStoresDetected:244 -Multiple Spring Data modules found, entering strict repository configuration mode!
2018-11-03 11:00:20.013 INFO [main]o.s.d.repository.config.RepositoryConfigurationDelegate.registerRepositoriesIn:126 -Bootstrapping Spring Data repositories in DEFAULT mode.
2018-11-03 11:00:20.037 INFO [main]o.s.d.repository.config.RepositoryConfigurationDelegate.registerRepositoriesIn:182 -Finished Spring Data repository scanning in 15ms. Found 0 repository interfaces.
2018-11-03 11:00:20.328 INFO [main]o.s.c.s.PostProcessorRegistrationDelegate$BeanPostProcessorChecker.postProcessAfterInitialization:330 -Bean 'org.springframework.transaction.annotation.ProxyTransactionManagementConfiguration' of type [org.springframework.transaction.annotation.ProxyTransactionManagementConfiguration$$EnhancerBySpringCGLIB$$ba74a680] is not eligible for getting processed by all BeanPostProcessors (for example: not eligible for auto-proxying)
2018-11-03 11:00:20.627 INFO [main]o.s.boot.web.embedded.tomcat.TomcatWebServer.initialize:90 -Tomcat initialized with port(s): 8080 (http)
2018-11-03 11:00:20.636 INFO [main]org.apache.coyote.http11.Http11NioProtocol.log:173 -Initializing ProtocolHandler ["http-nio-8080"]
2018-11-03 11:00:20.640 INFO [main]org.apache.catalina.core.StandardService.log:173 -Starting service [Tomcat]
2018-11-03 11:00:20.640 INFO [main]org.apache.catalina.core.StandardEngine.log:173 -Starting Servlet Engine: Apache Tomcat/9.0.12
2018-11-03 11:00:20.645 INFO [main]org.apache.catalina.core.AprLifecycleListener.log:173 -The APR based Apache Tomcat Native library which allows optimal performance in production environments was not found on the java.library.path: [/Users/chenminhao/Library/Java/Extensions:/Library/Java/Extensions:/Network/Library/Java/Extensions:/System/Library/Java/Extensions:/usr/lib/java:.]
2018-11-03 11:00:20.717 INFO [main]o.a.catalina.core.ContainerBase.[Tomcat].[localhost].[/].log:173 -Initializing Spring embedded WebApplicationContext
2018-11-03 11:00:20.717 INFO [main]org.springframework.web.context.ContextLoader.prepareWebApplicationContext:285 -Root WebApplicationContext: initialization completed in 1267 ms
2018-11-03 11:00:20.738 INFO [main]o.s.boot.web.servlet.ServletRegistrationBean.addRegistration:186 -Servlet dispatcherServlet mapped to [/]
2018-11-03 11:00:20.741 INFO [main]o.s.boot.web.servlet.FilterRegistrationBean.configure:248 -Mapping filter: 'characterEncodingFilter' to: [/*]
2018-11-03 11:00:20.742 INFO [main]o.s.boot.web.servlet.FilterRegistrationBean.configure:248 -Mapping filter: 'hiddenHttpMethodFilter' to: [/*]
2018-11-03 11:00:20.742 INFO [main]o.s.boot.web.servlet.FilterRegistrationBean.configure:248 -Mapping filter: 'formContentFilter' to: [/*]
2018-11-03 11:00:20.742 INFO [main]o.s.boot.web.servlet.FilterRegistrationBean.configure:248 -Mapping filter: 'requestContextFilter' to: [/*]
2018-11-03 11:00:21.106 WARN [main]o.s.b.w.s.c.AnnotationConfigServletWebServerApplicationContext.refresh:554 -Exception encountered during context initialization - cancelling refresh attempt: org.springframework.beans.factory.UnsatisfiedDependencyException: Error creating bean with name 'userController': Unsatisfied dependency expressed through field 'userService'; nested exception is org.springframework.beans.factory.UnsatisfiedDependencyException: Error creating bean with name 'iUserService': Unsatisfied dependency expressed through field 'userMapper'; nested exception is org.springframework.beans.factory.UnsatisfiedDependencyException: Error creating bean with name 'mmallUserMapper' defined in file [/Users/chenminhao/Desktop/october/target/classes/com/cxd/october/dao/MmallUserMapper.class]: Unsatisfied dependency expressed through bean property 'sqlSessionFactory'; nested exception is org.springframework.beans.factory.BeanCreationException: Error creating bean with name 'sqlSessionFactory' defined in class path resource [org/mybatis/spring/boot/autoconfigure/MybatisAutoConfiguration.class]: Bean instantiation via factory method failed; nested exception is org.springframework.beans.BeanInstantiationException: Failed to instantiate [org.apache.ibatis.session.SqlSessionFactory]: Factory method 'sqlSessionFactory' threw exception; nested exception is org.springframework.core.NestedIOException: Failed to parse mapping resource: 'file [/Users/chenminhao/Desktop/october/target/classes/mapper/MmallUserMapper.xml]'; nested exception is org.apache.ibatis.builder.BuilderException: Error parsing Mapper XML. The XML location is 'file [/Users/chenminhao/Desktop/october/target/classes/mapper/MmallUserMapper.xml]'. Cause: org.apache.ibatis.builder.BuilderException: Error resolving class. Cause: org.apache.ibatis.type.TypeException: Could not resolve type alias 'BaseResultMap'.  Cause: java.lang.ClassNotFoundException: Cannot find class: BaseResultMap
2018-11-03 11:00:21.108 INFO [main]org.apache.catalina.core.StandardService.log:173 -Stopping service [Tomcat]
2018-11-03 11:00:21.125 INFO [main]o.s.b.a.logging.ConditionEvaluationReportLoggingListener.logMessage:142 -

Error starting ApplicationContext. To display the conditions report re-run your application with 'debug' enabled.
